<?xml version="1.0" encoding="UTF-8"?>
<!-- Generated by org.testng.reporters.JUnitReportReporter -->
<testsuite hostname="Kunals-MacBook-Pro.local" failures="0" tests="1" name="org.android.uiAutomator2.androidGestures.ScrollGesture" time="6.378" errors="0" timestamp="2025-07-02T23:59:31 IST" skipped="0">
  <testcase classname="org.android.uiAutomator2.androidGestures.ScrollGesture" name="scrollGesture" time="6.378"/>
</testsuite> <!-- org.android.uiAutomator2.androidGestures.ScrollGesture -->
