<?xml version="1.0" encoding="UTF-8"?>
<!-- Generated by org.testng.reporters.JUnitReportReporter -->
<testsuite hostname="Kunals-MacBook-Pro.local" failures="0" tests="1" name="org.iOS.iOS.xcuiTest.iosGestures.LongPressGestures" time="11.430" errors="0" timestamp="2025-07-04T15:04:04 IST" skipped="0">
  <testcase classname="org.iOS.iOS.xcuiTest.iosGestures.LongPressGestures" name="gestureTest" time="11.430"/>
</testsuite> <!-- org.iOS.iOS.xcuiTest.iosGestures.LongPressGestures -->
