<?xml version="1.0" encoding="UTF-8"?>
<!-- Generated by org.testng.reporters.JUnitReportReporter -->
<testsuite hostname="Kunals-MacBook-Pro.local" failures="0" tests="1" name="org.android.uiAutomator2.androidPopup.AppiumPopup" time="8.893" errors="0" timestamp="2025-07-03T11:04:07 IST" skipped="0">
  <testcase classname="org.android.uiAutomator2.androidPopup.AppiumPopup" name="popupTestCase" time="8.893"/>
</testsuite> <!-- org.android.uiAutomator2.androidPopup.AppiumPopup -->
