<?xml version="1.0" encoding="UTF-8"?>
<!-- Generated by org.testng.reporters.JUnitReportReporter -->
<testsuite hostname="Kunals-MacBook-Pro.local" failures="0" tests="1" name="org.android.uiAutomator2.androidBasic.AppiumServerStart" time="8.962" errors="0" timestamp="2025-07-02T00:43:42 IST" skipped="0">
  <testcase classname="org.android.uiAutomator2.androidBasic.AppiumServerStart" name="appiumServer" time="8.962"/>
</testsuite> <!-- org.android.uiAutomator2.androidBasic.AppiumServerStart -->
