<?xml version="1.0" encoding="UTF-8"?>
<!-- Generated by org.testng.reporters.JUnitReportReporter -->
<testsuite hostname="Kunals-MacBook-Pro.local" failures="0" tests="1" name="org.iOS.iOS.xcuiTest.iosGestures.ScrollGesture" time="3.011" errors="0" timestamp="2025-07-04T15:34:36 IST" skipped="0">
  <testcase classname="org.iOS.iOS.xcuiTest.iosGestures.ScrollGesture" name="scrollTest" time="3.011"/>
</testsuite> <!-- org.iOS.iOS.xcuiTest.iosGestures.ScrollGesture -->
