<?xml version="1.0" encoding="UTF-8"?>
<!-- Generated by org.testng.reporters.JUnitReportReporter -->
<testsuite hostname="Kunals-MacBook-Pro.local" failures="0" tests="1" name="org.iOS.iOS.xcuiTest.alert.IOSAlert" time="6.053" errors="0" timestamp="2025-07-05T19:19:03 IST" skipped="0">
  <testcase classname="org.iOS.iOS.xcuiTest.alert.IOSAlert" name="iOSBasic" time="6.053"/>
</testsuite> <!-- org.iOS.iOS.xcuiTest.alert.IOSAlert -->
