<?xml version="1.0" encoding="UTF-8"?>
<!-- Generated by org.testng.reporters.JUnitReportReporter -->
<testsuite hostname="Kunals-MacBook-Pro.local" failures="0" tests="1" name="org.android.uiAutomator2.androidAppInvok.AppInvok" time="10.763" errors="0" timestamp="2025-07-03T13:24:40 IST" skipped="0">
  <testcase classname="org.android.uiAutomator2.androidAppInvok.AppInvok" name="appInvoke" time="10.763"/>
</testsuite> <!-- org.android.uiAutomator2.androidAppInvok.AppInvok -->
