<?xml version="1.0" encoding="UTF-8"?>
<!-- Generated by org.testng.reporters.JUnitReportReporter -->
<testsuite hostname="Kunals-MacBook-Pro.local" failures="0" tests="1" name="org.android.androidEcommerceApp.testCases.SearchProductTestCase" time="16.241" errors="0" timestamp="2025-07-03T19:57:27 IST" skipped="0">
  <testcase classname="org.android.androidEcommerceApp.testCases.SearchProductTestCase" name="searchProduct" time="16.241"/>
</testsuite> <!-- org.android.androidEcommerceApp.testCases.SearchProductTestCase -->
