<?xml version="1.0" encoding="UTF-8"?>
<!-- Generated by org.testng.reporters.JUnitReportReporter -->
<testsuite hostname="Kunals-MacBook-Pro.local" failures="0" tests="1" name="org.android.androidEcommerceApp.testCases.CartTestCase" time="16.217" errors="0" timestamp="2025-07-03T21:00:52 IST" skipped="0">
  <testcase classname="org.android.androidEcommerceApp.testCases.CartTestCase" name="cartPageTestCase" time="16.217"/>
</testsuite> <!-- org.android.androidEcommerceApp.testCases.CartTestCase -->
