<?xml version="1.0" encoding="UTF-8"?>
<!-- Generated by org.testng.reporters.JUnitReportReporter -->
<testsuite hostname="Kunals-MacBook-Pro.local" failures="0" tests="1" name="org.android.uiAutomator2.androidPopup.AppiumPopup" time="6.516" errors="0" timestamp="2025-07-02T22:26:38 IST" skipped="0">
  <testcase classname="org.android.uiAutomator2.androidPopup.AppiumPopup" name="popupTestCase" time="6.516"/>
</testsuite> <!-- org.android.uiAutomator2.androidPopup.AppiumPopup -->
