<?xml version="1.0" encoding="UTF-8"?>
<!-- Generated by org.testng.reporters.JUnitReportReporter -->
<testsuite hostname="Kunals-MacBook-Pro.local" failures="0" tests="1" name="org.android.uiAutomator2.androidMiscellaneousActivity.LandscapeMode" time="8.931" errors="0" timestamp="2025-07-03T11:22:43 IST" skipped="0">
  <testcase classname="org.android.uiAutomator2.androidMiscellaneousActivity.LandscapeMode" name="landTest" time="8.931"/>
</testsuite> <!-- org.android.uiAutomator2.androidMiscellaneousActivity.LandscapeMode -->
