<?xml version="1.0" encoding="UTF-8"?>
<!-- Generated by org.testng.reporters.JUnitReportReporter -->
<testsuite hostname="Kunals-MacBook-Pro.local" failures="0" tests="1" name="org.iOS.iOS.xcuiTest.locators.IOSLocators" time="4.098" errors="0" timestamp="2025-07-04T11:44:00 IST" skipped="0">
  <testcase classname="org.iOS.iOS.xcuiTest.locators.IOSLocators" name="iOSBasic" time="4.098"/>
</testsuite> <!-- org.iOS.iOS.xcuiTest.locators.IOSLocators -->
