<?xml version="1.0" encoding="UTF-8"?>
<!-- Generated by org.testng.reporters.JUnitReportReporter -->
<testsuite hostname="Kunals-MacBook-Pro.local" failures="0" tests="1" name="org.android.uiAutomator2.androidGestures.ScrollGesture" time="7.527" errors="0" timestamp="2025-07-03T00:19:04 IST" skipped="0">
  <testcase classname="org.android.uiAutomator2.androidGestures.ScrollGesture" name="scrollGesture" time="7.527"/>
</testsuite> <!-- org.android.uiAutomator2.androidGestures.ScrollGesture -->
