<?xml version="1.0" encoding="UTF-8"?>
<!-- Generated by org.testng.reporters.JUnitReportReporter -->
<testsuite hostname="Kunals-MacBook-Pro.local" failures="0" tests="1" name="org.android.androidEcommerceApp.testCases.FillFormTestCase" time="51.592" errors="0" timestamp="2025-07-03T18:01:58 IST" skipped="0">
  <testcase classname="org.android.androidEcommerceApp.testCases.FillFormTestCase" name="fillForm" time="51.592"/>
</testsuite> <!-- org.android.androidEcommerceApp.testCases.FillFormTestCase -->
