<?xml version="1.0" encoding="UTF-8"?>
<!-- Generated by org.testng.reporters.JUnitReportReporter -->
<testsuite hostname="Kunals-MacBook-Pro.local" failures="0" tests="1" name="org.android.uiAutomator2.androidDragAndDrop.DragAndDrop" time="6.825" errors="0" timestamp="2025-07-03T10:47:03 IST" skipped="0">
  <testcase classname="org.android.uiAutomator2.androidDragAndDrop.DragAndDrop" name="dragAndDropTest" time="6.825"/>
</testsuite> <!-- org.android.uiAutomator2.androidDragAndDrop.DragAndDrop -->
