<?xml version="1.0" encoding="UTF-8"?>
<!-- Generated by org.testng.reporters.JUnitReportReporter -->
<testsuite hostname="Kunals-MacBook-Pro.local" failures="0" tests="1" name="org.android.androidEcommerceApp.testCases.TotalPriceTestCase" time="11.624" errors="0" timestamp="2025-07-03T21:42:49 IST" skipped="0">
  <testcase classname="org.android.androidEcommerceApp.testCases.TotalPriceTestCase" name="totalPrice" time="11.624"/>
</testsuite> <!-- org.android.androidEcommerceApp.testCases.TotalPriceTestCase -->
