<?xml version="1.0" encoding="UTF-8"?>
<!-- Generated by org.testng.reporters.JUnitReportReporter -->
<testsuite hostname="Kunals-MacBook-Pro.local" failures="0" tests="1" name="org.android.androidEcommerceApp.testCases.ToastMessage" time="14.212" errors="0" timestamp="2025-07-03T18:21:27 IST" skipped="0">
  <testcase classname="org.android.androidEcommerceApp.testCases.ToastMessage" name="toastMessage" time="14.212"/>
</testsuite> <!-- org.android.androidEcommerceApp.testCases.ToastMessage -->
