<?xml version="1.0" encoding="UTF-8"?>
<!-- Generated by org.testng.reporters.JUnitReportReporter -->
<testsuite hostname="Kunals-MacBook-Pro.local" failures="0" tests="1" name="org.android.uiAutomator2.appiumLocators.AppiumLocators" time="5.782" errors="0" timestamp="2025-07-02T22:02:06 IST" skipped="0">
  <testcase classname="org.android.uiAutomator2.appiumLocators.AppiumLocators" name="firstTestCase" time="5.782"/>
</testsuite> <!-- org.android.uiAutomator2.appiumLocators.AppiumLocators -->
