<?xml version="1.0" encoding="UTF-8"?>
<!-- Generated by org.testng.reporters.JUnitReportReporter -->
<testsuite hostname="Kunals-MacBook-Pro.local" failures="0" tests="1" name="org.iOS.iOS.xcuiTest.iosGestures.PIckerViewGesture" time="2.112" errors="0" timestamp="2025-07-04T15:50:50 IST" skipped="0">
  <testcase classname="org.iOS.iOS.xcuiTest.iosGestures.PIckerViewGesture" name="scrollTest" time="2.112"/>
</testsuite> <!-- org.iOS.iOS.xcuiTest.iosGestures.PIckerViewGesture -->
