<?xml version="1.0" encoding="UTF-8"?>
<!-- Generated by org.testng.reporters.JUnitReportReporter -->
<testsuite hostname="Kunals-MacBook-Pro.local" failures="0" tests="1" name="org.iOS.iOS.xcuiTest.alert.IOSAlert" time="5.909" errors="0" timestamp="2025-07-04T14:25:17 IST" skipped="0">
  <testcase classname="org.iOS.iOS.xcuiTest.alert.IOSAlert" name="iOSBasic" time="5.909"/>
</testsuite> <!-- org.iOS.iOS.xcuiTest.alert.IOSAlert -->
