<?xml version="1.0" encoding="UTF-8"?>
<!-- Generated by org.testng.reporters.JUnitReportReporter -->
<testsuite hostname="Kunals-MacBook-Pro.local" failures="0" tests="1" name="org.android.uiAutomator2.androidMiscellaneousActivity.CopyClipBoard" time="10.364" errors="0" timestamp="2025-07-03T11:21:41 IST" skipped="0">
  <testcase classname="org.android.uiAutomator2.androidMiscellaneousActivity.CopyClipBoard" name="copyClipBoard" time="10.364"/>
</testsuite> <!-- org.android.uiAutomator2.androidMiscellaneousActivity.CopyClipBoard -->
