<?xml version="1.0" encoding="UTF-8"?>
<!-- Generated by org.testng.reporters.JUnitReportReporter -->
<testsuite hostname="Kunals-MacBook-Pro.local" failures="0" tests="1" name="org.android.androidEcommerceApp.testCases.GestureTestCase" time="16.181" errors="0" timestamp="2025-07-03T22:05:14 IST" skipped="0">
  <testcase classname="org.android.androidEcommerceApp.testCases.GestureTestCase" name="gestureTest" time="16.181"/>
</testsuite> <!-- org.android.androidEcommerceApp.testCases.GestureTestCase -->
