<?xml version="1.0" encoding="UTF-8"?>
<!-- Generated by org.testng.reporters.JUnitReportReporter -->
<testsuite hostname="Kunals-MacBook-Pro.local" failures="0" tests="1" name="org.iOS.iOS.xcuiTest.iosGestures.SlidingGesture" time="1.974" errors="0" timestamp="2025-07-04T17:19:28 IST" skipped="0">
  <testcase classname="org.iOS.iOS.xcuiTest.iosGestures.SlidingGesture" name="slideTest" time="1.974"/>
</testsuite> <!-- org.iOS.iOS.xcuiTest.iosGestures.SlidingGesture -->
