<?xml version="1.0" encoding="UTF-8"?>
<!-- Generated by org.testng.reporters.JUnitReportReporter -->
<testsuite hostname="Kunals-MacBook-Pro.local" failures="0" tests="1" name="org.android.uiAutomator2.androidExtractText.ExtractTest" time="5.968" errors="0" timestamp="2025-07-02T22:39:19 IST" skipped="0">
  <testcase classname="org.android.uiAutomator2.androidExtractText.ExtractTest" name="extractText" time="5.968"/>
</testsuite> <!-- org.android.uiAutomator2.androidExtractText.ExtractTest -->
